<?xml version="1.0" encoding="UTF-8" ?>
<testsuite tests="4" failures="0" name="TestCalculadoraDemo" time="0.471" errors="0" skipped="0">
  <properties>
[...]
</properties>
  <testcase classname="TestCalculadoraDemo" name="testDivisionConÉxito" time="0.445"/>
  <testcase classname="TestCalculadoraDemo" name="testSumaConÉxito" time="0.011"/>
  <testcase classname="TestCalculadoraDemo" name="testMultiplicacionConÉxito" time="0.008"/>
  <testcase classname="TestCalculadoraDemo" name="testRestaConÉxito" time="0.007"/>
</testsuite>